[0.098s] Invoking command in '/home/hnt/ldlidar_ros2_ws/build/ldlidar_stl_ros2': CMAKE_PREFIX_PATH=${CMAKE_PREFIX_PATH}:/opt/ros/foxy /usr/bin/cmake --build /home/hnt/ldlidar_ros2_ws/build/ldlidar_stl_ros2 -- -j4 -l4
[0.280s] [35m[1mScanning dependencies of target ldlidar_stl_ros2_node[0m
[0.430s] [ 12%] [32mBuilding CXX object CMakeFiles/ldlidar_stl_ros2_node.dir/src/demo.cpp.o[0m
[5.095s] [01m[K/home/hnt/ldlidar_ros2_ws/src/ldlidar_stl_ros2/src/demo.cpp:[m[K In function â€˜[01m[Kint main(int, char**)[m[Kâ€™:
[5.095s] [01m[K/home/hnt/ldlidar_ros2_ws/src/ldlidar_stl_ros2/src/demo.cpp:124:45:[m[K [01;31m[Kerror: [m[Kâ€˜[01m[Kldlidar::Points2D[m[Kâ€™ {aka â€˜[01m[Kclass std::vector<ldlidar::PointData>[m[Kâ€™} has no member named â€˜[01m[Kx[m[Kâ€™
[5.096s]          cout << "conga" <<laser_scan_points.[01;31m[Kx[m[K;
[5.096s]                                              [01;31m[K^[m[K
[8.216s] make[2]: *** [CMakeFiles/ldlidar_stl_ros2_node.dir/build.make:63: CMakeFiles/ldlidar_stl_ros2_node.dir/src/demo.cpp.o] Error 1
[8.217s] make[1]: *** [CMakeFiles/Makefile2:78: CMakeFiles/ldlidar_stl_ros2_node.dir/all] Error 2
[8.218s] make: *** [Makefile:141: all] Error 2
[8.224s] Invoked command in '/home/hnt/ldlidar_ros2_ws/build/ldlidar_stl_ros2' returned '2': CMAKE_PREFIX_PATH=${CMAKE_PREFIX_PATH}:/opt/ros/foxy /usr/bin/cmake --build /home/hnt/ldlidar_ros2_ws/build/ldlidar_stl_ros2 -- -j4 -l4
