[0.098s] Invoking command in '/home/hnt/ldlidar_ros2_ws/build/ldlidar_stl_ros2': CMAKE_PREFIX_PATH=${CMAKE_PREFIX_PATH}:/opt/ros/foxy /usr/bin/cmake --build /home/hnt/ldlidar_ros2_ws/build/ldlidar_stl_ros2 -- -j4 -l4
[0.286s] [35m[1mScanning dependencies of target ldlidar_stl_ros2_node[0m
[0.437s] [ 12%] [32mBuilding CXX object CMakeFiles/ldlidar_stl_ros2_node.dir/src/demo.cpp.o[0m
[5.277s] [01m[K/home/hnt/ldlidar_ros2_ws/src/ldlidar_stl_ros2/src/demo.cpp:[m[K In function â€˜[01m[Kint main(int, char**)[m[Kâ€™:
[5.278s] [01m[K/home/hnt/ldlidar_ros2_ws/src/ldlidar_stl_ros2/src/demo.cpp:124:27:[m[K [01;31m[Kerror: [m[Kâ€˜[01m[Klaser_scan_point[m[Kâ€™ was not declared in this scope
[5.278s]          cout << "conga" <<[01;31m[Klaser_scan_point[m[K.x;
[5.279s]                            [01;31m[K^~~~~~~~~~~~~~~~[m[K
[5.282s] [01m[K/home/hnt/ldlidar_ros2_ws/src/ldlidar_stl_ros2/src/demo.cpp:124:27:[m[K [01;36m[Knote: [m[Ksuggested alternative: â€˜[01m[Klaser_scan_points[m[Kâ€™
[5.283s]          cout << "conga" <<[01;36m[Klaser_scan_point[m[K.x;
[5.283s]                            [01;36m[K^~~~~~~~~~~~~~~~[m[K
[5.284s]                            [32m[Klaser_scan_points[m[K
[8.553s] make[2]: *** [CMakeFiles/ldlidar_stl_ros2_node.dir/build.make:63: CMakeFiles/ldlidar_stl_ros2_node.dir/src/demo.cpp.o] Error 1
[8.554s] make[1]: *** [CMakeFiles/Makefile2:78: CMakeFiles/ldlidar_stl_ros2_node.dir/all] Error 2
[8.554s] make: *** [Makefile:141: all] Error 2
[8.562s] Invoked command in '/home/hnt/ldlidar_ros2_ws/build/ldlidar_stl_ros2' returned '2': CMAKE_PREFIX_PATH=${CMAKE_PREFIX_PATH}:/opt/ros/foxy /usr/bin/cmake --build /home/hnt/ldlidar_ros2_ws/build/ldlidar_stl_ros2 -- -j4 -l4
